{"/Users/lawrencm/Projects/starterkit/packages/api/src/routers/cms.ts": {"path":"/Users/lawrencm/Projects/starterkit/packages/api/src/routers/cms.ts","statementMap":{"0":{"start":{"line":11,"column":28},"end":{"line":16,"column":null}},"1":{"start":{"line":19,"column":32},"end":{"line":25,"column":null}},"2":{"start":{"line":27,"column":25},"end":{"line":67,"column":null}},"3":{"start":{"line":38,"column":8},"end":{"line":63,"column":null}},"4":{"start":{"line":39,"column":31},"end":{"line":39,"column":null}},"5":{"start":{"line":41,"column":41},"end":{"line":43,"column":null}},"6":{"start":{"line":45,"column":10},"end":{"line":56,"column":null}},"7":{"start":{"line":48,"column":14},"end":{"line":48,"column":null}},"8":{"start":{"line":51,"column":14},"end":{"line":55,"column":null}},"9":{"start":{"line":58,"column":10},"end":{"line":62,"column":null}}},"fnMap":{"0":{"name":"(anonymous_0)","decl":{"start":{"line":37,"column":6},"end":{"line":37,"column":13}},"loc":{"start":{"line":37,"column":27},"end":{"line":64,"column":null}}},"1":{"name":"(anonymous_1)","decl":{"start":{"line":47,"column":18},"end":{"line":47,"column":19}},"loc":{"start":{"line":47,"column":27},"end":{"line":49,"column":13}}},"2":{"name":"(anonymous_2)","decl":{"start":{"line":50,"column":19},"end":{"line":50,"column":20}},"loc":{"start":{"line":50,"column":30},"end":{"line":56,"column":13}}}},"branchMap":{},"s":{"0":5,"1":5,"2":5,"3":6,"4":6,"5":5,"6":5,"7":3,"8":2,"9":1},"f":{"0":6,"1":3,"2":2},"b":{}}
,"/Users/lawrencm/Projects/starterkit/packages/api/src/routers/post.ts": {"path":"/Users/lawrencm/Projects/starterkit/packages/api/src/routers/post.ts","statementMap":{"0":{"start":{"line":10,"column":26},"end":{"line":42,"column":null}},"1":{"start":{"line":14,"column":6},"end":{"line":16,"column":null}},"2":{"start":{"line":22,"column":6},"end":{"line":27,"column":null}},"3":{"start":{"line":31,"column":17},"end":{"line":34,"column":null}},"4":{"start":{"line":36,"column":4},"end":{"line":36,"column":null}},"5":{"start":{"line":40,"column":4},"end":{"line":40,"column":null}}},"fnMap":{"0":{"name":"(anonymous_0)","decl":{"start":{"line":13,"column":11},"end":{"line":13,"column":12}},"loc":{"start":{"line":13,"column":26},"end":{"line":17,"column":5}}},"1":{"name":"(anonymous_1)","decl":{"start":{"line":21,"column":14},"end":{"line":21,"column":21}},"loc":{"start":{"line":21,"column":40},"end":{"line":28,"column":5}}},"2":{"name":"(anonymous_2)","decl":{"start":{"line":30,"column":35},"end":{"line":30,"column":42}},"loc":{"start":{"line":30,"column":54},"end":{"line":37,"column":3}}},"3":{"name":"(anonymous_3)","decl":{"start":{"line":39,"column":42},"end":{"line":39,"column":48}},"loc":{"start":{"line":39,"column":48},"end":{"line":41,"column":3}}}},"branchMap":{"0":{"loc":{"start":{"line":36,"column":11},"end":{"line":36,"column":null}},"type":"binary-expr","locations":[{"start":{"line":36,"column":11},"end":{"line":36,"column":19}},{"start":{"line":36,"column":19},"end":{"line":36,"column":null}}]}},"s":{"0":5,"1":6,"2":5,"3":7,"4":6,"5":5},"f":{"0":6,"1":5,"2":7,"3":5},"b":{"0":[6,3]}}
}
